<?xml version="1.0" encoding="UTF-8"?>
<!-- Generated by org.testng.reporters.JUnitXMLReporter -->
<testsuite ignored="0" hostname="DESKTOP-0INDAG6" failures="0" tests="5" name="Default test" time="30.725" errors="0" timestamp="2025-02-11T16:56:17 IST">
  <testcase classname="YufoodsNew.yufoods.CartPage" name="TC_01" time="4.175"/>
  <testcase classname="YufoodsNew.yufoods.CartPage" name="TC_02" time="6.988"/>
  <testcase classname="YufoodsNew.yufoods.CartPage" name="TC_03" time="5.77"/>
  <testcase classname="YufoodsNew.yufoods.CartPage" name="TC_04" time="3.434"/>
  <testcase classname="YufoodsNew.yufoods.CartPage" name="TC_05" time="6.103"/>
</testsuite> <!-- Default test -->
