<?xml version="1.0" encoding="UTF-8"?>
<testng-results ignored="0" total="5" passed="5" failed="0" skipped="0">
  <reporter-output>
  </reporter-output>
  <suite started-at="2025-02-11T16:58:57 IST" name="Suite" finished-at="2025-02-11T16:59:28 IST" duration-ms="30931">
    <groups>
    </groups>
    <test started-at="2025-02-11T16:58:57 IST" name="Test" finished-at="2025-02-11T16:59:28 IST" duration-ms="30931">
      <class name="YufoodsNew.yufoods.CartPage">
        <test-method is-config="true" signature="openBrowser()[pri:0, instance:YufoodsNew.yufoods.CartPage@54422e18]" started-at="2025-02-11T16:58:57 IST" name="openBrowser" finished-at="2025-02-11T16:59:01 IST" duration-ms="3795" status="PASS">
          <reporter-output>
          </reporter-output>
        </test-method> <!-- openBrowser -->
        <test-method signature="TC_01()[pri:0, instance:YufoodsNew.yufoods.CartPage@54422e18]" started-at="2025-02-11T16:59:01 IST" name="TC_01" finished-at="2025-02-11T16:59:06 IST" duration-ms="4605" status="PASS">
          <reporter-output>
          </reporter-output>
        </test-method> <!-- TC_01 -->
        <test-method signature="TC_02()[pri:0, instance:YufoodsNew.yufoods.CartPage@54422e18]" started-at="2025-02-11T16:59:06 IST" name="TC_02" finished-at="2025-02-11T16:59:13 IST" duration-ms="7004" status="PASS">
          <reporter-output>
          </reporter-output>
        </test-method> <!-- TC_02 -->
        <test-method signature="TC_03()[pri:0, instance:YufoodsNew.yufoods.CartPage@54422e18]" started-at="2025-02-11T16:59:13 IST" name="TC_03" finished-at="2025-02-11T16:59:19 IST" duration-ms="5787" status="PASS">
          <reporter-output>
          </reporter-output>
        </test-method> <!-- TC_03 -->
        <test-method signature="TC_04()[pri:0, instance:YufoodsNew.yufoods.CartPage@54422e18]" started-at="2025-02-11T16:59:19 IST" name="TC_04" finished-at="2025-02-11T16:59:22 IST" duration-ms="3349" status="PASS">
          <reporter-output>
          </reporter-output>
        </test-method> <!-- TC_04 -->
        <test-method signature="TC_05()[pri:0, instance:YufoodsNew.yufoods.CartPage@54422e18]" started-at="2025-02-11T16:59:22 IST" name="TC_05" finished-at="2025-02-11T16:59:28 IST" duration-ms="6123" status="PASS">
          <reporter-output>
          </reporter-output>
        </test-method> <!-- TC_05 -->
        <test-method is-config="true" signature="closeBrowser()[pri:0, instance:YufoodsNew.yufoods.CartPage@54422e18]" started-at="2025-02-11T16:59:28 IST" name="closeBrowser" finished-at="2025-02-11T16:59:28 IST" duration-ms="184" status="PASS">
          <reporter-output>
          </reporter-output>
        </test-method> <!-- closeBrowser -->
      </class> <!-- YufoodsNew.yufoods.CartPage -->
    </test> <!-- Test -->
  </suite> <!-- Suite -->
</testng-results>
