<?xml version="1.0" encoding="UTF-8"?>
<testng-results ignored="0" total="5" passed="5" failed="0" skipped="0">
  <reporter-output>
  </reporter-output>
  <suite started-at="2025-02-11T16:55:46 IST" name="Default suite" finished-at="2025-02-11T16:56:17 IST" duration-ms="30725">
    <groups>
    </groups>
    <test started-at="2025-02-11T16:55:46 IST" name="Default test" finished-at="2025-02-11T16:56:17 IST" duration-ms="30725">
      <class name="YufoodsNew.yufoods.CartPage">
        <test-method is-config="true" signature="openBrowser()[pri:0, instance:YufoodsNew.yufoods.CartPage@710c2b53]" started-at="2025-02-11T16:55:46 IST" name="openBrowser" finished-at="2025-02-11T16:55:50 IST" duration-ms="3979" status="PASS">
          <reporter-output>
          </reporter-output>
        </test-method> <!-- openBrowser -->
        <test-method signature="TC_01()[pri:0, instance:YufoodsNew.yufoods.CartPage@710c2b53]" started-at="2025-02-11T16:55:50 IST" name="TC_01" finished-at="2025-02-11T16:55:54 IST" duration-ms="4175" status="PASS">
          <reporter-output>
          </reporter-output>
        </test-method> <!-- TC_01 -->
        <test-method signature="TC_02()[pri:0, instance:YufoodsNew.yufoods.CartPage@710c2b53]" started-at="2025-02-11T16:55:54 IST" name="TC_02" finished-at="2025-02-11T16:56:01 IST" duration-ms="6988" status="PASS">
          <reporter-output>
          </reporter-output>
        </test-method> <!-- TC_02 -->
        <test-method signature="TC_03()[pri:0, instance:YufoodsNew.yufoods.CartPage@710c2b53]" started-at="2025-02-11T16:56:01 IST" name="TC_03" finished-at="2025-02-11T16:56:07 IST" duration-ms="5770" status="PASS">
          <reporter-output>
          </reporter-output>
        </test-method> <!-- TC_03 -->
        <test-method signature="TC_04()[pri:0, instance:YufoodsNew.yufoods.CartPage@710c2b53]" started-at="2025-02-11T16:56:07 IST" name="TC_04" finished-at="2025-02-11T16:56:10 IST" duration-ms="3434" status="PASS">
          <reporter-output>
          </reporter-output>
        </test-method> <!-- TC_04 -->
        <test-method signature="TC_05()[pri:0, instance:YufoodsNew.yufoods.CartPage@710c2b53]" started-at="2025-02-11T16:56:10 IST" name="TC_05" finished-at="2025-02-11T16:56:16 IST" duration-ms="6103" status="PASS">
          <reporter-output>
          </reporter-output>
        </test-method> <!-- TC_05 -->
        <test-method is-config="true" signature="closeBrowser()[pri:0, instance:YufoodsNew.yufoods.CartPage@710c2b53]" started-at="2025-02-11T16:56:17 IST" name="closeBrowser" finished-at="2025-02-11T16:56:17 IST" duration-ms="199" status="PASS">
          <reporter-output>
          </reporter-output>
        </test-method> <!-- closeBrowser -->
      </class> <!-- YufoodsNew.yufoods.CartPage -->
    </test> <!-- Default test -->
  </suite> <!-- Default suite -->
</testng-results>
